#-----------------------------------------------------------
# Vivado v2020.2 (64-bit)
# SW Build 3064766 on Wed Nov 18 09:12:45 MST 2020
# IP Build 3064653 on Wed Nov 18 14:17:31 MST 2020
# Start of session at: Sun Aug 21 17:37:56 2022
# Process ID: 18852
# Current directory: C:/Users/ADMIN/AppData/Roaming/Xilinx/Vivado
# Command line: vivado.exe -gui_launcher_event rodinguilauncherevent8804
# Log file: C:/Users/ADMIN/AppData/Roaming/Xilinx/Vivado/vivado.log
# Journal file: C:/Users/ADMIN/AppData/Roaming/Xilinx/Vivado\vivado.jou
#-----------------------------------------------------------
start_gui
open_project C:/Users/ADMIN/Downloads/nhung_xsa-main/nhung_xsa-main/custom/custom.xpr
INFO: [Project 1-313] Project file moved from '/home/tindz/custom' since last save.
WARNING: [filemgmt 56-2] Board Part Repository Path: Could not find the directory 'C:/Users/ADMIN/Downloads/nhung_xsa-main/nhung_xsa-main/.Xilinx/Vivado/2019.1/xhub/board_store', nor could it be found using path 'C:/home/tindz/.Xilinx/Vivado/2019.1/xhub/board_store'.
Scanning sources...
Finished scanning sources
INFO: [IP_Flow 19-234] Refreshing IP repositories
INFO: [IP_Flow 19-1704] No user IP repositories specified
INFO: [IP_Flow 19-2313] Loaded Vivado IP repository 'D:/Xilinx/Vivado/2020.2/data/ip'.
open_project: Time (s): cpu = 00:00:16 ; elapsed = 00:00:12 . Memory (MB): peak = 1209.992 ; gain = 0.000
update_compile_order -fileset sources_1
open_bd_design {C:/Users/ADMIN/Downloads/nhung_xsa-main/nhung_xsa-main/custom/custom.srcs/sources_1/bd/design_1/design_1.bd}
Reading block design file <C:/Users/ADMIN/Downloads/nhung_xsa-main/nhung_xsa-main/custom/custom.srcs/sources_1/bd/design_1/design_1.bd>...
Adding component instance block -- xilinx.com:ip:zynq_ultra_ps_e:3.3 - zynq_ultra_ps_e_0
Adding component instance block -- xilinx.com:ip:clk_wiz:6.0 - clk_wiz_0
Adding component instance block -- xilinx.com:ip:proc_sys_reset:5.0 - proc_sys_reset_0
Adding component instance block -- xilinx.com:ip:proc_sys_reset:5.0 - proc_sys_reset_1
Adding component instance block -- xilinx.com:ip:proc_sys_reset:5.0 - proc_sys_reset_2
Adding component instance block -- xilinx.com:ip:axi_intc:4.1 - axi_intc_0
Adding component instance block -- xilinx.com:ip:axi_interconnect:2.1 - ps8_0_axi_periph
Adding component instance block -- xilinx.com:ip:axi_protocol_converter:2.1 - auto_pc
Successfully read diagram <design_1> from block design file <C:/Users/ADMIN/Downloads/nhung_xsa-main/nhung_xsa-main/custom/custom.srcs/sources_1/bd/design_1/design_1.bd>
open_bd_design: Time (s): cpu = 00:00:09 ; elapsed = 00:00:08 . Memory (MB): peak = 1209.992 ; gain = 0.000
set_property pfm_name {xilinx:zcu102:zcu102:0.0} [get_files -all {design_1.bd}]
set_property platform.name {zcu102} [current_project]
set_property pfm_name {xilinx:zcu102:design_1:0.0} [get_files -all {design_1.bd}]
set_property platform.name {design_1} [current_project]
write_hw_platform -force -file zcu102.xsa
INFO: [Vivado 12-4895] Creating Hardware Platform: C:/Users/ADMIN/AppData/Roaming/Xilinx/Vivado/zcu102.xsa ...
INFO: [Hsi 55-2053] elapsed time for repository (D:/Xilinx/Vivado/2020.2/data\embeddedsw) loading 0 seconds
WARNING: [BD 41-2589] Platform should have atleast one axi memory mapped master interface. Enable a master AXI interface as platform AXI_PORT.
INFO: [Project 1-1042] Successfully generated hpfm file
INFO: [Vivado 12-12469] The Hardware Platform can be used for Hardware and Hardware Emulation
INFO: [Vivado 12-4896] Successfully created Hardware Platform: C:/Users/ADMIN/AppData/Roaming/Xilinx/Vivado/zcu102.xsa
write_hw_platform: Time (s): cpu = 00:00:17 ; elapsed = 00:00:22 . Memory (MB): peak = 1209.992 ; gain = 0.000
C:/Users/ADMIN/AppData/Roaming/Xilinx/Vivado/zcu102.xsa
validate_hw_platform ./zcu102.xsa
INFO: [Vivado 12-12082] Found metadata file: xsa.json
INFO: [Vivado 12-6078] Validating platform properties...
INFO: [Vivado 12-6079] Validating unified platform...
INFO: [Vivado 12-6073] Validating 'pre_synth' platform state...
INFO: [Vivado 12-6077] Validating platform files...
INFO: [Vivado 12-6066] Finished running validate_hw_platform for file: './zcu102.xsa'
